Arguments: 
  /Users/fschade/.nvm/versions/node/v18.9.1/bin/node /opt/homebrew/Cellar/yarn/1.22.19/libexec/bin/yarn.js add vite --dev

PATH: 
  /Users/fschade/Library/pnpm:/Users/fschade/Library/pnpm:/Users/fschade/.nvm/versions/node/v18.9.1/bin:/usr/local/bin:/System/Cryptexes/App/usr/bin:/usr/bin:/bin:/usr/sbin:/sbin:/Library/Apple/usr/bin:/Users/fschade/.bin:/Users/fschade/go/bin:/opt/homebrew/bin:/opt/homebrew/sbin:/opt/homebrew/opt/fzf/bin

Yarn version: 
  1.22.19

Node version: 
  18.9.1

Platform: 
  darwin arm64

Trace: 
  Error: https://registry.yarnpkg.com/@ownclouders%2fesbuild: Not found
      at params.callback [as _callback] (/opt/homebrew/Cellar/yarn/1.22.19/libexec/lib/cli.js:66145:18)
      at self.callback (/opt/homebrew/Cellar/yarn/1.22.19/libexec/lib/cli.js:140890:22)
      at Request.emit (node:events:513:28)
      at Request.<anonymous> (/opt/homebrew/Cellar/yarn/1.22.19/libexec/lib/cli.js:141862:10)
      at Request.emit (node:events:513:28)
      at IncomingMessage.<anonymous> (/opt/homebrew/Cellar/yarn/1.22.19/libexec/lib/cli.js:141784:12)
      at Object.onceWrapper (node:events:627:28)
      at IncomingMessage.emit (node:events:525:35)
      at endReadableNT (node:internal/streams/readable:1359:12)
      at process.processTicksAndRejections (node:internal/process/task_queues:82:21)

npm manifest: 
  {
    "name": "@ownclouders/k6-tdk",
    "version": "0.0.1",
    "private": false,
    "description": "ownCloud k6 test development kit",
    "homepage": "https://github.com/owncloud/web/tree/master/packages/k6-tdk",
    "repository": {
      "type": "git",
      "url": "https://github.com/owncloud/cdperf",
      "directory": "packages/k6-tdk"
    },
    "license": "AGPL-3.0",
    "author": "ownCloud GmbH <devops@owncloud.com>",
    "sideEffects": false,
    "exports": {
      ".": {
        "types": "./dist/types/index.d.ts",
        "import": "./dist/esm/index.js",
        "require": "./dist/client/cjs/index.js"
      },
      "./lib/endpoints": {
        "types": "./dist/types/endpoints/index.d.ts",
        "import": "./dist/esm/endpoints/index.js",
        "require": "./dist/endpoints/cjs/index.js"
      },
      "./lib/auth": {
        "types": "./dist/types/auth/index.d.ts",
        "import": "./dist/esm/auth/index.js",
        "require": "./dist/client/cjs/index.js"
      },
      "./lib/client": {
        "types": "./dist/types/client/index.d.ts",
        "import": "./dist/esm/client/index.js",
        "require": "./dist/cjs/client/index.js"
      },
      "./lib/utils": {
        "types": "./dist/types/utils/index.d.ts",
        "import": "./dist/esm/utils/index.js",
        "require": "./dist/cjs/utils/index.js"
      },
      "./package.json": "./package.json"
    },
    "main": "./dist/cjs/index.js",
    "module": "./dist/esm/index.js",
    "types": "index.d.ts",
    "typesVersions": {
      ">=4.2": {
        "*": [
          "dist/types/*"
        ]
      }
    },
    "files": [
      "dist/cjs/**/!(*.tsbuildinfo)",
      "dist/esm/**/!(*.tsbuildinfo)",
      "dist/types/**/!(*.tsbuildinfo)",
      "lib/api",
      "lib/auth",
      "lib/client",
      "lib/utils",
      "src",
      "package.json",
      "tsconfig.json"
    ],
    "scripts": {
      "build": "concurrently pnpm:build:*",
      "build:artifacts": "node build.mjs",
      "build:types": "tsc --outDir dist/types",
      "clean": "pnpm clean:artifacts && pnpm clean:vendor",
      "clean:artifacts": "del-cli dist lib",
      "clean:vendor": "del-cli .turbo node_modules",
      "dev": "turbowatch",
      "lint": "eslint package.json 'src/**/*.ts'",
      "lint:fix": "pnpm run lint --fix",
      "test": "vitest run"
    },
    "dependencies": {
      "jsonpath": "^1.1.1",
      "lodash-es": "^4.17.21",
      "xmlbuilder2": "^3.0.2"
    },
    "devDependencies": {
      "@ownclouders/esbuild": "workspace:*",
      "@ownclouders/eslint-config": "workspace:*",
      "@ownclouders/tsconfig": "workspace:*",
      "@ownclouders/turbowatch": "workspace:*",
      "@types/jsonpath": "^0.2.0",
      "@types/k6": "^0.43.3",
      "@types/lodash-es": "^4.17.7",
      "@types/node": "^18.15.11",
      "concurrently": "^8.0.1",
      "del-cli": "^5.0.0",
      "esbuild": "^0.17.16",
      "eslint": "^8.38.0",
      "turbowatch": "^2.21.0",
      "typescript": "^5.0.4",
      "vitest": "^0.30.1"
    }
  }

yarn manifest: 
  No manifest

Lockfile: 
  No lockfile
